2016/10/21 12:19:45 [error] [exception.CHttpException.404] exception 'CHttpException' with message 'The system is unable to find the requested action "index".' in C:\OpenServer\domains\jingle\framework\web\CController.php:483
Stack trace:
#0 C:\OpenServer\domains\jingle\framework\web\CController.php(270): CController->missingAction('')
#1 C:\OpenServer\domains\jingle\framework\web\CWebApplication.php(282): CController->run('')
#2 C:\OpenServer\domains\jingle\framework\web\CWebApplication.php(141): CWebApplication->runController('')
#3 C:\OpenServer\domains\jingle\framework\base\CApplication.php(185): CWebApplication->processRequest()
#4 C:\OpenServer\domains\jingle\index.php(13): CApplication->run()
#5 {main}
REQUEST_URI=/
---
2016/10/29 10:08:21 [error] [exception.CHttpException.404] exception 'CHttpException' with message 'Unable to resolve the request "start".' in C:\OpenServer\domains\jingle\framework\web\CWebApplication.php:286
Stack trace:
#0 C:\OpenServer\domains\jingle\framework\web\CWebApplication.php(141): CWebApplication->runController('start')
#1 C:\OpenServer\domains\jingle\framework\base\CApplication.php(185): CWebApplication->processRequest()
#2 C:\OpenServer\domains\jingle\index.php(13): CApplication->run()
#3 {main}
REQUEST_URI=/index.php/start
---
2016/10/29 10:09:01 [error] [exception.CHttpException.404] exception 'CHttpException' with message 'Unable to resolve the request "start/index".' in C:\OpenServer\domains\jingle\framework\web\CWebApplication.php:286
Stack trace:
#0 C:\OpenServer\domains\jingle\framework\web\CWebApplication.php(141): CWebApplication->runController('start/index')
#1 C:\OpenServer\domains\jingle\framework\base\CApplication.php(185): CWebApplication->processRequest()
#2 C:\OpenServer\domains\jingle\index.php(13): CApplication->run()
#3 {main}
REQUEST_URI=/index.php/start/index
---
2016/10/29 10:09:15 [error] [exception.CHttpException.404] exception 'CHttpException' with message 'Unable to resolve the request "Start/index".' in C:\OpenServer\domains\jingle\framework\web\CWebApplication.php:286
Stack trace:
#0 C:\OpenServer\domains\jingle\framework\web\CWebApplication.php(141): CWebApplication->runController('Start/index')
#1 C:\OpenServer\domains\jingle\framework\base\CApplication.php(185): CWebApplication->processRequest()
#2 C:\OpenServer\domains\jingle\index.php(13): CApplication->run()
#3 {main}
REQUEST_URI=/index.php/Start/index
---
2016/10/29 10:10:32 [error] [exception.CHttpException.404] exception 'CHttpException' with message 'Unable to resolve the request "start/index".' in C:\OpenServer\domains\jingle\framework\web\CWebApplication.php:286
Stack trace:
#0 C:\OpenServer\domains\jingle\framework\web\CWebApplication.php(141): CWebApplication->runController('start/index')
#1 C:\OpenServer\domains\jingle\framework\base\CApplication.php(185): CWebApplication->processRequest()
#2 C:\OpenServer\domains\jingle\index.php(13): CApplication->run()
#3 {main}
REQUEST_URI=/index.php/start/index
---
2016/10/29 10:21:39 [error] [exception.CHttpException.404] exception 'CHttpException' with message 'Unable to resolve the request "r=gii".' in C:\OpenServer\domains\jingle\framework\web\CWebApplication.php:286
Stack trace:
#0 C:\OpenServer\domains\jingle\framework\web\CWebApplication.php(141): CWebApplication->runController('r=gii')
#1 C:\OpenServer\domains\jingle\framework\base\CApplication.php(185): CWebApplication->processRequest()
#2 C:\OpenServer\domains\jingle\index.php(13): CApplication->run()
#3 {main}
REQUEST_URI=/index.php/r=gii
---
2016/10/29 10:25:06 [error] [exception.CDbException] exception 'CDbException' with message 'CDbConnection failed to open the DB connection: SQLSTATE[28000] [1045] Access denied for user 'root'@'localhost' (using password: YES)' in C:\OpenServer\domains\jingle\framework\db\CDbConnection.php:399
Stack trace:
#0 C:\OpenServer\domains\jingle\framework\db\CDbConnection.php(347): CDbConnection->open()
#1 C:\OpenServer\domains\jingle\framework\db\CDbConnection.php(325): CDbConnection->setActive(true)
#2 C:\OpenServer\domains\jingle\framework\base\CModule.php(394): CDbConnection->init()
#3 C:\OpenServer\domains\jingle\framework\base\CModule.php(103): CModule->getComponent('db')
#4 C:\OpenServer\domains\jingle\framework\gii\generators\model\ModelCode.php(60): CModule->__get('db')
#5 C:\OpenServer\domains\jingle\framework\web\CFormModel.php(39): ModelCode->init()
#6 C:\OpenServer\domains\jingle\framework\gii\CCodeGenerator.php(153): CFormModel->__construct()
#7 C:\OpenServer\domains\jingle\framework\gii\CCodeGenerator.php(63): CCodeGenerator->prepare()
#8 C:\OpenServer\domains\jingle\framework\web\actions\CInlineAction.php(49): CCodeGenerator->actionIndex()
#9 C:\OpenServer\domains\jingle\framework\web\CController.php(308): CInlineAction->runWithParams(Array)
#10 C:\OpenServer\domains\jingle\framework\web\CController.php(286): CController->runAction(Object(CInlineAction))
#11 C:\OpenServer\domains\jingle\framework\web\CController.php(265): CController->runActionWithFilters(Object(CInlineAction), Array)
#12 C:\OpenServer\domains\jingle\framework\web\CWebApplication.php(282): CController->run('index')
#13 C:\OpenServer\domains\jingle\framework\web\CWebApplication.php(141): CWebApplication->runController('gii/model/index')
#14 C:\OpenServer\domains\jingle\framework\base\CApplication.php(185): CWebApplication->processRequest()
#15 C:\OpenServer\domains\jingle\index.php(13): CApplication->run()
#16 {main}
REQUEST_URI=/index.php/gii/model/index
HTTP_REFERER=http://jingle/index.php/gii/model/index
---
2016/10/29 10:25:11 [error] [exception.CDbException] exception 'CDbException' with message 'CDbConnection failed to open the DB connection: SQLSTATE[28000] [1045] Access denied for user 'root'@'localhost' (using password: YES)' in C:\OpenServer\domains\jingle\framework\db\CDbConnection.php:399
Stack trace:
#0 C:\OpenServer\domains\jingle\framework\db\CDbConnection.php(347): CDbConnection->open()
#1 C:\OpenServer\domains\jingle\framework\db\CDbConnection.php(325): CDbConnection->setActive(true)
#2 C:\OpenServer\domains\jingle\framework\base\CModule.php(394): CDbConnection->init()
#3 C:\OpenServer\domains\jingle\framework\base\CModule.php(103): CModule->getComponent('db')
#4 C:\OpenServer\domains\jingle\framework\gii\generators\model\ModelCode.php(60): CModule->__get('db')
#5 C:\OpenServer\domains\jingle\framework\web\CFormModel.php(39): ModelCode->init()
#6 C:\OpenServer\domains\jingle\framework\gii\CCodeGenerator.php(153): CFormModel->__construct()
#7 C:\OpenServer\domains\jingle\framework\gii\CCodeGenerator.php(63): CCodeGenerator->prepare()
#8 C:\OpenServer\domains\jingle\framework\web\actions\CInlineAction.php(49): CCodeGenerator->actionIndex()
#9 C:\OpenServer\domains\jingle\framework\web\CController.php(308): CInlineAction->runWithParams(Array)
#10 C:\OpenServer\domains\jingle\framework\web\CController.php(286): CController->runAction(Object(CInlineAction))
#11 C:\OpenServer\domains\jingle\framework\web\CController.php(265): CController->runActionWithFilters(Object(CInlineAction), Array)
#12 C:\OpenServer\domains\jingle\framework\web\CWebApplication.php(282): CController->run('index')
#13 C:\OpenServer\domains\jingle\framework\web\CWebApplication.php(141): CWebApplication->runController('gii/model/index')
#14 C:\OpenServer\domains\jingle\framework\base\CApplication.php(185): CWebApplication->processRequest()
#15 C:\OpenServer\domains\jingle\index.php(13): CApplication->run()
#16 {main}
REQUEST_URI=/index.php/gii/model/index
HTTP_REFERER=http://jingle/index.php/gii/model/index
---
2016/10/29 10:27:46 [error] [exception.CException] exception 'CException' with message 'StartController cannot find the requested view "index".' in C:\OpenServer\domains\jingle\framework\web\CController.php:878
Stack trace:
#0 C:\OpenServer\domains\jingle\framework\web\CController.php(782): CController->renderPartial('index', NULL, true)
#1 C:\OpenServer\domains\jingle\protected\controllers\StartController.php(6): CController->render('index')
#2 C:\OpenServer\domains\jingle\framework\web\actions\CInlineAction.php(49): StartController->actionIndex()
#3 C:\OpenServer\domains\jingle\framework\web\CController.php(308): CInlineAction->runWithParams(Array)
#4 C:\OpenServer\domains\jingle\framework\web\CController.php(286): CController->runAction(Object(CInlineAction))
#5 C:\OpenServer\domains\jingle\framework\web\CController.php(265): CController->runActionWithFilters(Object(CInlineAction), Array)
#6 C:\OpenServer\domains\jingle\framework\web\CWebApplication.php(282): CController->run('')
#7 C:\OpenServer\domains\jingle\framework\web\CWebApplication.php(141): CWebApplication->runController('start')
#8 C:\OpenServer\domains\jingle\framework\base\CApplication.php(185): CWebApplication->processRequest()
#9 C:\OpenServer\domains\jingle\index.php(13): CApplication->run()
#10 {main}
REQUEST_URI=/index.php/start
---
2016/10/29 10:27:57 [error] [exception.CException] exception 'CException' with message 'StartController cannot find the requested view "index".' in C:\OpenServer\domains\jingle\framework\web\CController.php:878
Stack trace:
#0 C:\OpenServer\domains\jingle\framework\web\CController.php(782): CController->renderPartial('index', NULL, true)
#1 C:\OpenServer\domains\jingle\protected\controllers\StartController.php(6): CController->render('index')
#2 C:\OpenServer\domains\jingle\framework\web\actions\CInlineAction.php(49): StartController->actionIndex()
#3 C:\OpenServer\domains\jingle\framework\web\CController.php(308): CInlineAction->runWithParams(Array)
#4 C:\OpenServer\domains\jingle\framework\web\CController.php(286): CController->runAction(Object(CInlineAction))
#5 C:\OpenServer\domains\jingle\framework\web\CController.php(265): CController->runActionWithFilters(Object(CInlineAction), Array)
#6 C:\OpenServer\domains\jingle\framework\web\CWebApplication.php(282): CController->run('index')
#7 C:\OpenServer\domains\jingle\framework\web\CWebApplication.php(141): CWebApplication->runController('start/index')
#8 C:\OpenServer\domains\jingle\framework\base\CApplication.php(185): CWebApplication->processRequest()
#9 C:\OpenServer\domains\jingle\index.php(13): CApplication->run()
#10 {main}
REQUEST_URI=/index.php/start/index
---
2016/10/29 10:36:32 [error] [php] Invalid argument supplied for foreach() (C:\OpenServer\domains\jingle\protected\controllers\StartController.php:7)
Stack trace:
#0 C:\OpenServer\domains\jingle\framework\web\CController.php(286): StartController->runAction()
#1 C:\OpenServer\domains\jingle\framework\web\CController.php(265): StartController->runActionWithFilters()
#2 C:\OpenServer\domains\jingle\framework\web\CWebApplication.php(282): StartController->run()
#3 C:\OpenServer\domains\jingle\framework\web\CWebApplication.php(141): CWebApplication->runController()
#4 C:\OpenServer\domains\jingle\framework\base\CApplication.php(185): CWebApplication->processRequest()
#5 C:\OpenServer\domains\jingle\index.php(13): CWebApplication->run()
REQUEST_URI=/index.php/start
in C:\OpenServer\domains\jingle\protected\controllers\StartController.php (7)
in C:\OpenServer\domains\jingle\index.php (13)
2016/10/29 10:36:54 [error] [php] Invalid argument supplied for foreach() (C:\OpenServer\domains\jingle\protected\controllers\StartController.php:7)
Stack trace:
#0 C:\OpenServer\domains\jingle\framework\web\CController.php(286): StartController->runAction()
#1 C:\OpenServer\domains\jingle\framework\web\CController.php(265): StartController->runActionWithFilters()
#2 C:\OpenServer\domains\jingle\framework\web\CWebApplication.php(282): StartController->run()
#3 C:\OpenServer\domains\jingle\framework\web\CWebApplication.php(141): CWebApplication->runController()
#4 C:\OpenServer\domains\jingle\framework\base\CApplication.php(185): CWebApplication->processRequest()
#5 C:\OpenServer\domains\jingle\index.php(13): CWebApplication->run()
REQUEST_URI=/index.php/start
in C:\OpenServer\domains\jingle\protected\controllers\StartController.php (7)
in C:\OpenServer\domains\jingle\index.php (13)
2016/10/29 10:37:59 [error] [php] Invalid argument supplied for foreach() (C:\OpenServer\domains\jingle\framework\db\schema\CDbCommandBuilder.php:673)
Stack trace:
#0 C:\OpenServer\domains\jingle\framework\web\actions\CInlineAction.php(49): StartController->actionIndex()
#1 C:\OpenServer\domains\jingle\framework\web\CController.php(308): CInlineAction->runWithParams()
#2 C:\OpenServer\domains\jingle\framework\web\CController.php(286): StartController->runAction()
#3 C:\OpenServer\domains\jingle\framework\web\CController.php(265): StartController->runActionWithFilters()
#4 C:\OpenServer\domains\jingle\framework\web\CWebApplication.php(282): StartController->run()
#5 C:\OpenServer\domains\jingle\framework\web\CWebApplication.php(141): CWebApplication->runController()
#6 C:\OpenServer\domains\jingle\framework\base\CApplication.php(185): CWebApplication->processRequest()
#7 C:\OpenServer\domains\jingle\index.php(13): CWebApplication->run()
REQUEST_URI=/index.php/start
in C:\OpenServer\domains\jingle\protected\controllers\StartController.php (6)
in C:\OpenServer\domains\jingle\index.php (13)
2016/10/29 10:40:17 [error] [php] Missing argument 1 for CActiveRecord::findAllByPk(), called in C:\OpenServer\domains\jingle\protected\controllers\StartController.php on line 6 and defined (C:\OpenServer\domains\jingle\framework\db\ar\CActiveRecord.php:1502)
Stack trace:
#0 C:\OpenServer\domains\jingle\framework\web\CController.php(308): CInlineAction->runWithParams()
#1 C:\OpenServer\domains\jingle\framework\web\CController.php(286): StartController->runAction()
#2 C:\OpenServer\domains\jingle\framework\web\CController.php(265): StartController->runActionWithFilters()
#3 C:\OpenServer\domains\jingle\framework\web\CWebApplication.php(282): StartController->run()
#4 C:\OpenServer\domains\jingle\framework\web\CWebApplication.php(141): CWebApplication->runController()
#5 C:\OpenServer\domains\jingle\framework\base\CApplication.php(185): CWebApplication->processRequest()
#6 C:\OpenServer\domains\jingle\index.php(13): CWebApplication->run()
REQUEST_URI=/index.php/start
in C:\OpenServer\domains\jingle\protected\controllers\StartController.php (6)
in C:\OpenServer\domains\jingle\index.php (13)
2016/10/29 10:40:32 [error] [php] Invalid argument supplied for foreach() (C:\OpenServer\domains\jingle\framework\db\schema\CDbCommandBuilder.php:673)
Stack trace:
#0 C:\OpenServer\domains\jingle\framework\web\actions\CInlineAction.php(49): StartController->actionIndex()
#1 C:\OpenServer\domains\jingle\framework\web\CController.php(308): CInlineAction->runWithParams()
#2 C:\OpenServer\domains\jingle\framework\web\CController.php(286): StartController->runAction()
#3 C:\OpenServer\domains\jingle\framework\web\CController.php(265): StartController->runActionWithFilters()
#4 C:\OpenServer\domains\jingle\framework\web\CWebApplication.php(282): StartController->run()
#5 C:\OpenServer\domains\jingle\framework\web\CWebApplication.php(141): CWebApplication->runController()
#6 C:\OpenServer\domains\jingle\framework\base\CApplication.php(185): CWebApplication->processRequest()
#7 C:\OpenServer\domains\jingle\index.php(13): CWebApplication->run()
REQUEST_URI=/index.php/start
in C:\OpenServer\domains\jingle\protected\controllers\StartController.php (6)
in C:\OpenServer\domains\jingle\index.php (13)
2016/10/29 10:40:56 [error] [php] Invalid argument supplied for foreach() (C:\OpenServer\domains\jingle\framework\db\schema\CDbCommandBuilder.php:673)
Stack trace:
#0 C:\OpenServer\domains\jingle\framework\web\actions\CInlineAction.php(49): StartController->actionIndex()
#1 C:\OpenServer\domains\jingle\framework\web\CController.php(308): CInlineAction->runWithParams()
#2 C:\OpenServer\domains\jingle\framework\web\CController.php(286): StartController->runAction()
#3 C:\OpenServer\domains\jingle\framework\web\CController.php(265): StartController->runActionWithFilters()
#4 C:\OpenServer\domains\jingle\framework\web\CWebApplication.php(282): StartController->run()
#5 C:\OpenServer\domains\jingle\framework\web\CWebApplication.php(141): CWebApplication->runController()
#6 C:\OpenServer\domains\jingle\framework\base\CApplication.php(185): CWebApplication->processRequest()
#7 C:\OpenServer\domains\jingle\index.php(13): CWebApplication->run()
REQUEST_URI=/index.php/start
in C:\OpenServer\domains\jingle\protected\controllers\StartController.php (6)
in C:\OpenServer\domains\jingle\index.php (13)
2016/10/29 10:46:34 [error] [php] Missing argument 1 for CActiveRecord::findByPk(), called in C:\OpenServer\domains\jingle\protected\controllers\StartController.php on line 6 and defined (C:\OpenServer\domains\jingle\framework\db\ar\CActiveRecord.php:1486)
Stack trace:
#0 C:\OpenServer\domains\jingle\framework\web\CController.php(308): CInlineAction->runWithParams()
#1 C:\OpenServer\domains\jingle\framework\web\CController.php(286): StartController->runAction()
#2 C:\OpenServer\domains\jingle\framework\web\CController.php(265): StartController->runActionWithFilters()
#3 C:\OpenServer\domains\jingle\framework\web\CWebApplication.php(282): StartController->run()
#4 C:\OpenServer\domains\jingle\framework\web\CWebApplication.php(141): CWebApplication->runController()
#5 C:\OpenServer\domains\jingle\framework\base\CApplication.php(185): CWebApplication->processRequest()
#6 C:\OpenServer\domains\jingle\index.php(13): CWebApplication->run()
REQUEST_URI=/index.php/start
in C:\OpenServer\domains\jingle\protected\controllers\StartController.php (6)
in C:\OpenServer\domains\jingle\index.php (13)
2016/10/29 10:46:46 [error] [php] Missing argument 1 for CActiveRecord::findAllByPk(), called in C:\OpenServer\domains\jingle\protected\controllers\StartController.php on line 6 and defined (C:\OpenServer\domains\jingle\framework\db\ar\CActiveRecord.php:1502)
Stack trace:
#0 C:\OpenServer\domains\jingle\framework\web\CController.php(308): CInlineAction->runWithParams()
#1 C:\OpenServer\domains\jingle\framework\web\CController.php(286): StartController->runAction()
#2 C:\OpenServer\domains\jingle\framework\web\CController.php(265): StartController->runActionWithFilters()
#3 C:\OpenServer\domains\jingle\framework\web\CWebApplication.php(282): StartController->run()
#4 C:\OpenServer\domains\jingle\framework\web\CWebApplication.php(141): CWebApplication->runController()
#5 C:\OpenServer\domains\jingle\framework\base\CApplication.php(185): CWebApplication->processRequest()
#6 C:\OpenServer\domains\jingle\index.php(13): CWebApplication->run()
REQUEST_URI=/index.php/start
in C:\OpenServer\domains\jingle\protected\controllers\StartController.php (6)
in C:\OpenServer\domains\jingle\index.php (13)
2016/10/29 12:46:49 [error] [exception.CHttpException.404] exception 'CHttpException' with message 'Unable to resolve the request "sефке".' in C:\OpenServer\domains\jingle\framework\web\CWebApplication.php:286
Stack trace:
#0 C:\OpenServer\domains\jingle\framework\web\CWebApplication.php(141): CWebApplication->runController('s????????')
#1 C:\OpenServer\domains\jingle\framework\base\CApplication.php(185): CWebApplication->processRequest()
#2 C:\OpenServer\domains\jingle\index.php(13): CApplication->run()
#3 {main}
REQUEST_URI=/index.php/s%D0%B5%D1%84%D0%BA%D0%B5
---
2016/10/29 12:46:57 [error] [exception.CException] exception 'CException' with message 'StartController has an extra endWidget() call in its view.' in C:\OpenServer\domains\jingle\framework\web\CBaseController.php:218
Stack trace:
#0 C:\OpenServer\domains\jingle\protected\views\start\wer.php(10): CBaseController->endWidget()
#1 C:\OpenServer\domains\jingle\framework\web\CBaseController.php(126): require('C:\OpenServer\d...')
#2 C:\OpenServer\domains\jingle\framework\web\CBaseController.php(95): CBaseController->renderInternal('C:\OpenServer\d...', NULL, true)
#3 C:\OpenServer\domains\jingle\framework\web\CController.php(869): CBaseController->renderFile('C:\OpenServer\d...', NULL, true)
#4 C:\OpenServer\domains\jingle\framework\web\CController.php(782): CController->renderPartial('wer', NULL, true)
#5 C:\OpenServer\domains\jingle\protected\controllers\StartController.php(11): CController->render('wer')
#6 C:\OpenServer\domains\jingle\framework\web\actions\CInlineAction.php(49): StartController->actionIndex()
#7 C:\OpenServer\domains\jingle\framework\web\CController.php(308): CInlineAction->runWithParams(Array)
#8 C:\OpenServer\domains\jingle\framework\web\CController.php(286): CController->runAction(Object(CInlineAction))
#9 C:\OpenServer\domains\jingle\framework\web\CController.php(265): CController->runActionWithFilters(Object(CInlineAction), Array)
#10 C:\OpenServer\domains\jingle\framework\web\CWebApplication.php(282): CController->run('')
#11 C:\OpenServer\domains\jingle\framework\web\CWebApplication.php(141): CWebApplication->runController('start')
#12 C:\OpenServer\domains\jingle\framework\base\CApplication.php(185): CWebApplication->processRequest()
#13 C:\OpenServer\domains\jingle\index.php(13): CApplication->run()
#14 {main}
REQUEST_URI=/index.php/start
---
2016/10/29 12:49:21 [error] [exception.CException] exception 'CException' with message 'StartController cannot find the requested view "index".' in C:\OpenServer\domains\jingle\framework\web\CController.php:878
Stack trace:
#0 C:\OpenServer\domains\jingle\framework\web\CController.php(782): CController->renderPartial('index', Array, true)
#1 C:\OpenServer\domains\jingle\protected\controllers\StartController.php(11): CController->render('index', Array)
#2 C:\OpenServer\domains\jingle\framework\web\actions\CInlineAction.php(49): StartController->actionIndex()
#3 C:\OpenServer\domains\jingle\framework\web\CController.php(308): CInlineAction->runWithParams(Array)
#4 C:\OpenServer\domains\jingle\framework\web\CController.php(286): CController->runAction(Object(CInlineAction))
#5 C:\OpenServer\domains\jingle\framework\web\CController.php(265): CController->runActionWithFilters(Object(CInlineAction), Array)
#6 C:\OpenServer\domains\jingle\framework\web\CWebApplication.php(282): CController->run('')
#7 C:\OpenServer\domains\jingle\framework\web\CWebApplication.php(141): CWebApplication->runController('start')
#8 C:\OpenServer\domains\jingle\framework\base\CApplication.php(185): CWebApplication->processRequest()
#9 C:\OpenServer\domains\jingle\index.php(13): CApplication->run()
#10 {main}
REQUEST_URI=/index.php/start
---
2016/10/29 12:49:55 [error] [exception.CException] exception 'CException' with message 'StartController cannot find the requested view "index".' in C:\OpenServer\domains\jingle\framework\web\CController.php:878
Stack trace:
#0 C:\OpenServer\domains\jingle\framework\web\CController.php(782): CController->renderPartial('index', Array, true)
#1 C:\OpenServer\domains\jingle\protected\controllers\StartController.php(11): CController->render('index', Array)
#2 C:\OpenServer\domains\jingle\framework\web\actions\CInlineAction.php(49): StartController->actionIndex()
#3 C:\OpenServer\domains\jingle\framework\web\CController.php(308): CInlineAction->runWithParams(Array)
#4 C:\OpenServer\domains\jingle\framework\web\CController.php(286): CController->runAction(Object(CInlineAction))
#5 C:\OpenServer\domains\jingle\framework\web\CController.php(265): CController->runActionWithFilters(Object(CInlineAction), Array)
#6 C:\OpenServer\domains\jingle\framework\web\CWebApplication.php(282): CController->run('')
#7 C:\OpenServer\domains\jingle\framework\web\CWebApplication.php(141): CWebApplication->runController('start')
#8 C:\OpenServer\domains\jingle\framework\base\CApplication.php(185): CWebApplication->processRequest()
#9 C:\OpenServer\domains\jingle\index.php(13): CApplication->run()
#10 {main}
REQUEST_URI=/index.php/start
---
2016/10/29 12:52:06 [error] [exception.CException] exception 'CException' with message 'StartController cannot find the requested view "index".' in C:\OpenServer\domains\jingle\framework\web\CController.php:878
Stack trace:
#0 C:\OpenServer\domains\jingle\framework\web\CController.php(782): CController->renderPartial('index', Array, true)
#1 C:\OpenServer\domains\jingle\protected\controllers\StartController.php(11): CController->render('index', Array)
#2 C:\OpenServer\domains\jingle\framework\web\actions\CInlineAction.php(49): StartController->actionIndex()
#3 C:\OpenServer\domains\jingle\framework\web\CController.php(308): CInlineAction->runWithParams(Array)
#4 C:\OpenServer\domains\jingle\framework\web\CController.php(286): CController->runAction(Object(CInlineAction))
#5 C:\OpenServer\domains\jingle\framework\web\CController.php(265): CController->runActionWithFilters(Object(CInlineAction), Array)
#6 C:\OpenServer\domains\jingle\framework\web\CWebApplication.php(282): CController->run('')
#7 C:\OpenServer\domains\jingle\framework\web\CWebApplication.php(141): CWebApplication->runController('start')
#8 C:\OpenServer\domains\jingle\framework\base\CApplication.php(185): CWebApplication->processRequest()
#9 C:\OpenServer\domains\jingle\index.php(13): CApplication->run()
#10 {main}
REQUEST_URI=/index.php/start
---
2016/10/29 12:54:02 [error] [exception.CException] exception 'CException' with message 'StartController cannot find the requested view "index".' in C:\OpenServer\domains\jingle\framework\web\CController.php:878
Stack trace:
#0 C:\OpenServer\domains\jingle\framework\web\CController.php(782): CController->renderPartial('index', Array, true)
#1 C:\OpenServer\domains\jingle\protected\controllers\StartController.php(11): CController->render('index', Array)
#2 C:\OpenServer\domains\jingle\framework\web\actions\CInlineAction.php(49): StartController->actionIndex()
#3 C:\OpenServer\domains\jingle\framework\web\CController.php(308): CInlineAction->runWithParams(Array)
#4 C:\OpenServer\domains\jingle\framework\web\CController.php(286): CController->runAction(Object(CInlineAction))
#5 C:\OpenServer\domains\jingle\framework\web\CController.php(265): CController->runActionWithFilters(Object(CInlineAction), Array)
#6 C:\OpenServer\domains\jingle\framework\web\CWebApplication.php(282): CController->run('')
#7 C:\OpenServer\domains\jingle\framework\web\CWebApplication.php(141): CWebApplication->runController('start')
#8 C:\OpenServer\domains\jingle\framework\base\CApplication.php(185): CWebApplication->processRequest()
#9 C:\OpenServer\domains\jingle\index.php(13): CApplication->run()
#10 {main}
REQUEST_URI=/index.php/start
---
2016/10/29 12:54:59 [error] [exception.CException] exception 'CException' with message 'StartController cannot find the requested view "index".' in C:\OpenServer\domains\jingle\framework\web\CController.php:878
Stack trace:
#0 C:\OpenServer\domains\jingle\framework\web\CController.php(782): CController->renderPartial('index', Array, true)
#1 C:\OpenServer\domains\jingle\protected\controllers\StartController.php(11): CController->render('index', Array)
#2 C:\OpenServer\domains\jingle\framework\web\actions\CInlineAction.php(49): StartController->actionIndex()
#3 C:\OpenServer\domains\jingle\framework\web\CController.php(308): CInlineAction->runWithParams(Array)
#4 C:\OpenServer\domains\jingle\framework\web\CController.php(286): CController->runAction(Object(CInlineAction))
#5 C:\OpenServer\domains\jingle\framework\web\CController.php(265): CController->runActionWithFilters(Object(CInlineAction), Array)
#6 C:\OpenServer\domains\jingle\framework\web\CWebApplication.php(282): CController->run('')
#7 C:\OpenServer\domains\jingle\framework\web\CWebApplication.php(141): CWebApplication->runController('start')
#8 C:\OpenServer\domains\jingle\framework\base\CApplication.php(185): CWebApplication->processRequest()
#9 C:\OpenServer\domains\jingle\index.php(13): CApplication->run()
#10 {main}
REQUEST_URI=/index.php/start
---
2016/10/29 12:55:00 [error] [exception.CException] exception 'CException' with message 'StartController cannot find the requested view "index".' in C:\OpenServer\domains\jingle\framework\web\CController.php:878
Stack trace:
#0 C:\OpenServer\domains\jingle\framework\web\CController.php(782): CController->renderPartial('index', Array, true)
#1 C:\OpenServer\domains\jingle\protected\controllers\StartController.php(11): CController->render('index', Array)
#2 C:\OpenServer\domains\jingle\framework\web\actions\CInlineAction.php(49): StartController->actionIndex()
#3 C:\OpenServer\domains\jingle\framework\web\CController.php(308): CInlineAction->runWithParams(Array)
#4 C:\OpenServer\domains\jingle\framework\web\CController.php(286): CController->runAction(Object(CInlineAction))
#5 C:\OpenServer\domains\jingle\framework\web\CController.php(265): CController->runActionWithFilters(Object(CInlineAction), Array)
#6 C:\OpenServer\domains\jingle\framework\web\CWebApplication.php(282): CController->run('')
#7 C:\OpenServer\domains\jingle\framework\web\CWebApplication.php(141): CWebApplication->runController('start')
#8 C:\OpenServer\domains\jingle\framework\base\CApplication.php(185): CWebApplication->processRequest()
#9 C:\OpenServer\domains\jingle\index.php(13): CApplication->run()
#10 {main}
REQUEST_URI=/index.php/start
---
2016/10/29 13:00:14 [error] [exception.CException] exception 'CException' with message 'StartController cannot find the requested view "index".' in C:\OpenServer\domains\jingle\framework\web\CController.php:878
Stack trace:
#0 C:\OpenServer\domains\jingle\framework\web\CController.php(782): CController->renderPartial('index', Array, true)
#1 C:\OpenServer\domains\jingle\protected\controllers\StartController.php(11): CController->render('index', Array)
#2 C:\OpenServer\domains\jingle\framework\web\actions\CInlineAction.php(49): StartController->actionIndex()
#3 C:\OpenServer\domains\jingle\framework\web\CController.php(308): CInlineAction->runWithParams(Array)
#4 C:\OpenServer\domains\jingle\framework\web\CController.php(286): CController->runAction(Object(CInlineAction))
#5 C:\OpenServer\domains\jingle\framework\web\CController.php(265): CController->runActionWithFilters(Object(CInlineAction), Array)
#6 C:\OpenServer\domains\jingle\framework\web\CWebApplication.php(282): CController->run('')
#7 C:\OpenServer\domains\jingle\framework\web\CWebApplication.php(141): CWebApplication->runController('start')
#8 C:\OpenServer\domains\jingle\framework\base\CApplication.php(185): CWebApplication->processRequest()
#9 C:\OpenServer\domains\jingle\index.php(13): CApplication->run()
#10 {main}
REQUEST_URI=/index.php/start
---
2016/10/29 13:00:14 [error] [exception.CException] exception 'CException' with message 'StartController cannot find the requested view "index".' in C:\OpenServer\domains\jingle\framework\web\CController.php:878
Stack trace:
#0 C:\OpenServer\domains\jingle\framework\web\CController.php(782): CController->renderPartial('index', Array, true)
#1 C:\OpenServer\domains\jingle\protected\controllers\StartController.php(11): CController->render('index', Array)
#2 C:\OpenServer\domains\jingle\framework\web\actions\CInlineAction.php(49): StartController->actionIndex()
#3 C:\OpenServer\domains\jingle\framework\web\CController.php(308): CInlineAction->runWithParams(Array)
#4 C:\OpenServer\domains\jingle\framework\web\CController.php(286): CController->runAction(Object(CInlineAction))
#5 C:\OpenServer\domains\jingle\framework\web\CController.php(265): CController->runActionWithFilters(Object(CInlineAction), Array)
#6 C:\OpenServer\domains\jingle\framework\web\CWebApplication.php(282): CController->run('')
#7 C:\OpenServer\domains\jingle\framework\web\CWebApplication.php(141): CWebApplication->runController('start')
#8 C:\OpenServer\domains\jingle\framework\base\CApplication.php(185): CWebApplication->processRequest()
#9 C:\OpenServer\domains\jingle\index.php(13): CApplication->run()
#10 {main}
REQUEST_URI=/index.php/start
---
2016/10/29 13:00:27 [error] [exception.CException] exception 'CException' with message 'StartController cannot find the requested view "index".' in C:\OpenServer\domains\jingle\framework\web\CController.php:878
Stack trace:
#0 C:\OpenServer\domains\jingle\framework\web\CController.php(782): CController->renderPartial('index', Array, true)
#1 C:\OpenServer\domains\jingle\protected\controllers\StartController.php(11): CController->render('index', Array)
#2 C:\OpenServer\domains\jingle\framework\web\actions\CInlineAction.php(49): StartController->actionIndex()
#3 C:\OpenServer\domains\jingle\framework\web\CController.php(308): CInlineAction->runWithParams(Array)
#4 C:\OpenServer\domains\jingle\framework\web\CController.php(286): CController->runAction(Object(CInlineAction))
#5 C:\OpenServer\domains\jingle\framework\web\CController.php(265): CController->runActionWithFilters(Object(CInlineAction), Array)
#6 C:\OpenServer\domains\jingle\framework\web\CWebApplication.php(282): CController->run('')
#7 C:\OpenServer\domains\jingle\framework\web\CWebApplication.php(141): CWebApplication->runController('start')
#8 C:\OpenServer\domains\jingle\framework\base\CApplication.php(185): CWebApplication->processRequest()
#9 C:\OpenServer\domains\jingle\index.php(13): CApplication->run()
#10 {main}
REQUEST_URI=/index.php/start
---
2016/10/29 13:00:28 [error] [exception.CException] exception 'CException' with message 'StartController cannot find the requested view "index".' in C:\OpenServer\domains\jingle\framework\web\CController.php:878
Stack trace:
#0 C:\OpenServer\domains\jingle\framework\web\CController.php(782): CController->renderPartial('index', Array, true)
#1 C:\OpenServer\domains\jingle\protected\controllers\StartController.php(11): CController->render('index', Array)
#2 C:\OpenServer\domains\jingle\framework\web\actions\CInlineAction.php(49): StartController->actionIndex()
#3 C:\OpenServer\domains\jingle\framework\web\CController.php(308): CInlineAction->runWithParams(Array)
#4 C:\OpenServer\domains\jingle\framework\web\CController.php(286): CController->runAction(Object(CInlineAction))
#5 C:\OpenServer\domains\jingle\framework\web\CController.php(265): CController->runActionWithFilters(Object(CInlineAction), Array)
#6 C:\OpenServer\domains\jingle\framework\web\CWebApplication.php(282): CController->run('')
#7 C:\OpenServer\domains\jingle\framework\web\CWebApplication.php(141): CWebApplication->runController('start')
#8 C:\OpenServer\domains\jingle\framework\base\CApplication.php(185): CWebApplication->processRequest()
#9 C:\OpenServer\domains\jingle\index.php(13): CApplication->run()
#10 {main}
REQUEST_URI=/index.php/start
---
2016/10/29 13:01:24 [error] [exception.CException] exception 'CException' with message 'StartController cannot find the requested view "index".' in C:\OpenServer\domains\jingle\framework\web\CController.php:878
Stack trace:
#0 C:\OpenServer\domains\jingle\framework\web\CController.php(782): CController->renderPartial('index', Array, true)
#1 C:\OpenServer\domains\jingle\protected\controllers\StartController.php(11): CController->render('index', Array)
#2 C:\OpenServer\domains\jingle\framework\web\actions\CInlineAction.php(49): StartController->actionIndex()
#3 C:\OpenServer\domains\jingle\framework\web\CController.php(308): CInlineAction->runWithParams(Array)
#4 C:\OpenServer\domains\jingle\framework\web\CController.php(286): CController->runAction(Object(CInlineAction))
#5 C:\OpenServer\domains\jingle\framework\web\CController.php(265): CController->runActionWithFilters(Object(CInlineAction), Array)
#6 C:\OpenServer\domains\jingle\framework\web\CWebApplication.php(282): CController->run('')
#7 C:\OpenServer\domains\jingle\framework\web\CWebApplication.php(141): CWebApplication->runController('start')
#8 C:\OpenServer\domains\jingle\framework\base\CApplication.php(185): CWebApplication->processRequest()
#9 C:\OpenServer\domains\jingle\index.php(13): CApplication->run()
#10 {main}
REQUEST_URI=/index.php/start
---
2016/10/29 13:02:05 [error] [exception.CException] exception 'CException' with message 'StartController cannot find the requested view "index".' in C:\OpenServer\domains\jingle\framework\web\CController.php:878
Stack trace:
#0 C:\OpenServer\domains\jingle\framework\web\CController.php(782): CController->renderPartial('index', Array, true)
#1 C:\OpenServer\domains\jingle\protected\controllers\StartController.php(11): CController->render('index', Array)
#2 C:\OpenServer\domains\jingle\framework\web\actions\CInlineAction.php(49): StartController->actionIndex()
#3 C:\OpenServer\domains\jingle\framework\web\CController.php(308): CInlineAction->runWithParams(Array)
#4 C:\OpenServer\domains\jingle\framework\web\CController.php(286): CController->runAction(Object(CInlineAction))
#5 C:\OpenServer\domains\jingle\framework\web\CController.php(265): CController->runActionWithFilters(Object(CInlineAction), Array)
#6 C:\OpenServer\domains\jingle\framework\web\CWebApplication.php(282): CController->run('')
#7 C:\OpenServer\domains\jingle\framework\web\CWebApplication.php(141): CWebApplication->runController('start')
#8 C:\OpenServer\domains\jingle\framework\base\CApplication.php(185): CWebApplication->processRequest()
#9 C:\OpenServer\domains\jingle\index.php(13): CApplication->run()
#10 {main}
REQUEST_URI=/index.php/start
---
2016/10/29 13:02:15 [error] [exception.CException] exception 'CException' with message 'StartController cannot find the requested view "index".' in C:\OpenServer\domains\jingle\framework\web\CController.php:878
Stack trace:
#0 C:\OpenServer\domains\jingle\framework\web\CController.php(782): CController->renderPartial('index', Array, true)
#1 C:\OpenServer\domains\jingle\protected\controllers\StartController.php(11): CController->render('index', Array)
#2 C:\OpenServer\domains\jingle\framework\web\actions\CInlineAction.php(49): StartController->actionIndex()
#3 C:\OpenServer\domains\jingle\framework\web\CController.php(308): CInlineAction->runWithParams(Array)
#4 C:\OpenServer\domains\jingle\framework\web\CController.php(286): CController->runAction(Object(CInlineAction))
#5 C:\OpenServer\domains\jingle\framework\web\CController.php(265): CController->runActionWithFilters(Object(CInlineAction), Array)
#6 C:\OpenServer\domains\jingle\framework\web\CWebApplication.php(282): CController->run('')
#7 C:\OpenServer\domains\jingle\framework\web\CWebApplication.php(141): CWebApplication->runController('start')
#8 C:\OpenServer\domains\jingle\framework\base\CApplication.php(185): CWebApplication->processRequest()
#9 C:\OpenServer\domains\jingle\index.php(13): CApplication->run()
#10 {main}
REQUEST_URI=/index.php/start
---
2016/10/29 13:02:17 [error] [exception.CException] exception 'CException' with message 'StartController cannot find the requested view "index".' in C:\OpenServer\domains\jingle\framework\web\CController.php:878
Stack trace:
#0 C:\OpenServer\domains\jingle\framework\web\CController.php(782): CController->renderPartial('index', Array, true)
#1 C:\OpenServer\domains\jingle\protected\controllers\StartController.php(11): CController->render('index', Array)
#2 C:\OpenServer\domains\jingle\framework\web\actions\CInlineAction.php(49): StartController->actionIndex()
#3 C:\OpenServer\domains\jingle\framework\web\CController.php(308): CInlineAction->runWithParams(Array)
#4 C:\OpenServer\domains\jingle\framework\web\CController.php(286): CController->runAction(Object(CInlineAction))
#5 C:\OpenServer\domains\jingle\framework\web\CController.php(265): CController->runActionWithFilters(Object(CInlineAction), Array)
#6 C:\OpenServer\domains\jingle\framework\web\CWebApplication.php(282): CController->run('')
#7 C:\OpenServer\domains\jingle\framework\web\CWebApplication.php(141): CWebApplication->runController('start')
#8 C:\OpenServer\domains\jingle\framework\base\CApplication.php(185): CWebApplication->processRequest()
#9 C:\OpenServer\domains\jingle\index.php(13): CApplication->run()
#10 {main}
REQUEST_URI=/index.php/start
---
2016/10/29 13:02:27 [error] [exception.CException] exception 'CException' with message 'StartController cannot find the requested view "index".' in C:\OpenServer\domains\jingle\framework\web\CController.php:878
Stack trace:
#0 C:\OpenServer\domains\jingle\framework\web\CController.php(782): CController->renderPartial('index', Array, true)
#1 C:\OpenServer\domains\jingle\protected\controllers\StartController.php(11): CController->render('index', Array)
#2 C:\OpenServer\domains\jingle\framework\web\actions\CInlineAction.php(49): StartController->actionIndex()
#3 C:\OpenServer\domains\jingle\framework\web\CController.php(308): CInlineAction->runWithParams(Array)
#4 C:\OpenServer\domains\jingle\framework\web\CController.php(286): CController->runAction(Object(CInlineAction))
#5 C:\OpenServer\domains\jingle\framework\web\CController.php(265): CController->runActionWithFilters(Object(CInlineAction), Array)
#6 C:\OpenServer\domains\jingle\framework\web\CWebApplication.php(282): CController->run('')
#7 C:\OpenServer\domains\jingle\framework\web\CWebApplication.php(141): CWebApplication->runController('start')
#8 C:\OpenServer\domains\jingle\framework\base\CApplication.php(185): CWebApplication->processRequest()
#9 C:\OpenServer\domains\jingle\index.php(13): CApplication->run()
#10 {main}
REQUEST_URI=/index.php/start
---
2016/10/29 13:02:27 [error] [exception.CException] exception 'CException' with message 'StartController cannot find the requested view "index".' in C:\OpenServer\domains\jingle\framework\web\CController.php:878
Stack trace:
#0 C:\OpenServer\domains\jingle\framework\web\CController.php(782): CController->renderPartial('index', Array, true)
#1 C:\OpenServer\domains\jingle\protected\controllers\StartController.php(11): CController->render('index', Array)
#2 C:\OpenServer\domains\jingle\framework\web\actions\CInlineAction.php(49): StartController->actionIndex()
#3 C:\OpenServer\domains\jingle\framework\web\CController.php(308): CInlineAction->runWithParams(Array)
#4 C:\OpenServer\domains\jingle\framework\web\CController.php(286): CController->runAction(Object(CInlineAction))
#5 C:\OpenServer\domains\jingle\framework\web\CController.php(265): CController->runActionWithFilters(Object(CInlineAction), Array)
#6 C:\OpenServer\domains\jingle\framework\web\CWebApplication.php(282): CController->run('')
#7 C:\OpenServer\domains\jingle\framework\web\CWebApplication.php(141): CWebApplication->runController('start')
#8 C:\OpenServer\domains\jingle\framework\base\CApplication.php(185): CWebApplication->processRequest()
#9 C:\OpenServer\domains\jingle\index.php(13): CApplication->run()
#10 {main}
REQUEST_URI=/index.php/start
---
2016/10/29 13:04:16 [error] [exception.CException] exception 'CException' with message 'Property "StartController.breadcrumbs" is not defined.' in C:\OpenServer\domains\jingle\framework\base\CComponent.php:173
Stack trace:
#0 C:\OpenServer\domains\jingle\protected\views\start\wer.php(3): CComponent->__set('breadcrumbs', Array)
#1 C:\OpenServer\domains\jingle\framework\web\CBaseController.php(126): require('C:\OpenServer\d...')
#2 C:\OpenServer\domains\jingle\framework\web\CBaseController.php(95): CBaseController->renderInternal('C:\OpenServer\d...', Array, true)
#3 C:\OpenServer\domains\jingle\framework\web\CController.php(869): CBaseController->renderFile('C:\OpenServer\d...', Array, true)
#4 C:\OpenServer\domains\jingle\framework\web\CController.php(782): CController->renderPartial('wer', Array, true)
#5 C:\OpenServer\domains\jingle\protected\controllers\StartController.php(11): CController->render('wer', Array)
#6 C:\OpenServer\domains\jingle\framework\web\actions\CInlineAction.php(49): StartController->actionIndex()
#7 C:\OpenServer\domains\jingle\framework\web\CController.php(308): CInlineAction->runWithParams(Array)
#8 C:\OpenServer\domains\jingle\framework\web\CController.php(286): CController->runAction(Object(CInlineAction))
#9 C:\OpenServer\domains\jingle\framework\web\CController.php(265): CController->runActionWithFilters(Object(CInlineAction), Array)
#10 C:\OpenServer\domains\jingle\framework\web\CWebApplication.php(282): CController->run('')
#11 C:\OpenServer\domains\jingle\framework\web\CWebApplication.php(141): CWebApplication->runController('start')
#12 C:\OpenServer\domains\jingle\framework\base\CApplication.php(185): CWebApplication->processRequest()
#13 C:\OpenServer\domains\jingle\index.php(13): CApplication->run()
#14 {main}
REQUEST_URI=/index.php/start
---
2016/10/29 13:04:45 [error] [exception.CException] exception 'CException' with message 'Property "StartController.breadcrumbs" is not defined.' in C:\OpenServer\domains\jingle\framework\base\CComponent.php:173
Stack trace:
#0 C:\OpenServer\domains\jingle\protected\views\start\wer.php(3): CComponent->__set('breadcrumbs', Array)
#1 C:\OpenServer\domains\jingle\framework\web\CBaseController.php(126): require('C:\OpenServer\d...')
#2 C:\OpenServer\domains\jingle\framework\web\CBaseController.php(95): CBaseController->renderInternal('C:\OpenServer\d...', Array, true)
#3 C:\OpenServer\domains\jingle\framework\web\CController.php(869): CBaseController->renderFile('C:\OpenServer\d...', Array, true)
#4 C:\OpenServer\domains\jingle\framework\web\CController.php(782): CController->renderPartial('wer', Array, true)
#5 C:\OpenServer\domains\jingle\protected\controllers\StartController.php(11): CController->render('wer', Array)
#6 C:\OpenServer\domains\jingle\framework\web\actions\CInlineAction.php(49): StartController->actionIndex()
#7 C:\OpenServer\domains\jingle\framework\web\CController.php(308): CInlineAction->runWithParams(Array)
#8 C:\OpenServer\domains\jingle\framework\web\CController.php(286): CController->runAction(Object(CInlineAction))
#9 C:\OpenServer\domains\jingle\framework\web\CController.php(265): CController->runActionWithFilters(Object(CInlineAction), Array)
#10 C:\OpenServer\domains\jingle\framework\web\CWebApplication.php(282): CController->run('')
#11 C:\OpenServer\domains\jingle\framework\web\CWebApplication.php(141): CWebApplication->runController('start')
#12 C:\OpenServer\domains\jingle\framework\base\CApplication.php(185): CWebApplication->processRequest()
#13 C:\OpenServer\domains\jingle\index.php(13): CApplication->run()
#14 {main}
REQUEST_URI=/index.php/start
---
2016/10/29 13:05:08 [error] [exception.CException] exception 'CException' with message 'Property "StartController.breadcrumbs" is not defined.' in C:\OpenServer\domains\jingle\framework\base\CComponent.php:173
Stack trace:
#0 C:\OpenServer\domains\jingle\protected\views\start\wer.php(3): CComponent->__set('breadcrumbs', Array)
#1 C:\OpenServer\domains\jingle\framework\web\CBaseController.php(126): require('C:\OpenServer\d...')
#2 C:\OpenServer\domains\jingle\framework\web\CBaseController.php(95): CBaseController->renderInternal('C:\OpenServer\d...', Array, true)
#3 C:\OpenServer\domains\jingle\framework\web\CController.php(869): CBaseController->renderFile('C:\OpenServer\d...', Array, true)
#4 C:\OpenServer\domains\jingle\framework\web\CController.php(782): CController->renderPartial('wer', Array, true)
#5 C:\OpenServer\domains\jingle\protected\controllers\StartController.php(11): CController->render('wer', Array)
#6 C:\OpenServer\domains\jingle\framework\web\actions\CInlineAction.php(49): StartController->actionIndex()
#7 C:\OpenServer\domains\jingle\framework\web\CController.php(308): CInlineAction->runWithParams(Array)
#8 C:\OpenServer\domains\jingle\framework\web\CController.php(286): CController->runAction(Object(CInlineAction))
#9 C:\OpenServer\domains\jingle\framework\web\CController.php(265): CController->runActionWithFilters(Object(CInlineAction), Array)
#10 C:\OpenServer\domains\jingle\framework\web\CWebApplication.php(282): CController->run('')
#11 C:\OpenServer\domains\jingle\framework\web\CWebApplication.php(141): CWebApplication->runController('start')
#12 C:\OpenServer\domains\jingle\framework\base\CApplication.php(185): CWebApplication->processRequest()
#13 C:\OpenServer\domains\jingle\index.php(13): CApplication->run()
#14 {main}
REQUEST_URI=/index.php/start
---
2016/10/29 13:05:09 [error] [exception.CException] exception 'CException' with message 'Property "StartController.breadcrumbs" is not defined.' in C:\OpenServer\domains\jingle\framework\base\CComponent.php:173
Stack trace:
#0 C:\OpenServer\domains\jingle\protected\views\start\wer.php(3): CComponent->__set('breadcrumbs', Array)
#1 C:\OpenServer\domains\jingle\framework\web\CBaseController.php(126): require('C:\OpenServer\d...')
#2 C:\OpenServer\domains\jingle\framework\web\CBaseController.php(95): CBaseController->renderInternal('C:\OpenServer\d...', Array, true)
#3 C:\OpenServer\domains\jingle\framework\web\CController.php(869): CBaseController->renderFile('C:\OpenServer\d...', Array, true)
#4 C:\OpenServer\domains\jingle\framework\web\CController.php(782): CController->renderPartial('wer', Array, true)
#5 C:\OpenServer\domains\jingle\protected\controllers\StartController.php(11): CController->render('wer', Array)
#6 C:\OpenServer\domains\jingle\framework\web\actions\CInlineAction.php(49): StartController->actionIndex()
#7 C:\OpenServer\domains\jingle\framework\web\CController.php(308): CInlineAction->runWithParams(Array)
#8 C:\OpenServer\domains\jingle\framework\web\CController.php(286): CController->runAction(Object(CInlineAction))
#9 C:\OpenServer\domains\jingle\framework\web\CController.php(265): CController->runActionWithFilters(Object(CInlineAction), Array)
#10 C:\OpenServer\domains\jingle\framework\web\CWebApplication.php(282): CController->run('')
#11 C:\OpenServer\domains\jingle\framework\web\CWebApplication.php(141): CWebApplication->runController('start')
#12 C:\OpenServer\domains\jingle\framework\base\CApplication.php(185): CWebApplication->processRequest()
#13 C:\OpenServer\domains\jingle\index.php(13): CApplication->run()
#14 {main}
REQUEST_URI=/index.php/start
---
2016/10/29 13:05:10 [error] [exception.CException] exception 'CException' with message 'Property "StartController.breadcrumbs" is not defined.' in C:\OpenServer\domains\jingle\framework\base\CComponent.php:173
Stack trace:
#0 C:\OpenServer\domains\jingle\protected\views\start\wer.php(3): CComponent->__set('breadcrumbs', Array)
#1 C:\OpenServer\domains\jingle\framework\web\CBaseController.php(126): require('C:\OpenServer\d...')
#2 C:\OpenServer\domains\jingle\framework\web\CBaseController.php(95): CBaseController->renderInternal('C:\OpenServer\d...', Array, true)
#3 C:\OpenServer\domains\jingle\framework\web\CController.php(869): CBaseController->renderFile('C:\OpenServer\d...', Array, true)
#4 C:\OpenServer\domains\jingle\framework\web\CController.php(782): CController->renderPartial('wer', Array, true)
#5 C:\OpenServer\domains\jingle\protected\controllers\StartController.php(11): CController->render('wer', Array)
#6 C:\OpenServer\domains\jingle\framework\web\actions\CInlineAction.php(49): StartController->actionIndex()
#7 C:\OpenServer\domains\jingle\framework\web\CController.php(308): CInlineAction->runWithParams(Array)
#8 C:\OpenServer\domains\jingle\framework\web\CController.php(286): CController->runAction(Object(CInlineAction))
#9 C:\OpenServer\domains\jingle\framework\web\CController.php(265): CController->runActionWithFilters(Object(CInlineAction), Array)
#10 C:\OpenServer\domains\jingle\framework\web\CWebApplication.php(282): CController->run('')
#11 C:\OpenServer\domains\jingle\framework\web\CWebApplication.php(141): CWebApplication->runController('start')
#12 C:\OpenServer\domains\jingle\framework\base\CApplication.php(185): CWebApplication->processRequest()
#13 C:\OpenServer\domains\jingle\index.php(13): CApplication->run()
#14 {main}
REQUEST_URI=/index.php/start
---
2016/10/29 14:01:25 [error] [exception.CException] exception 'CException' with message 'Property "PhoneBrand.brend" is not defined.' in C:\OpenServer\domains\jingle\framework\base\CComponent.php:130
Stack trace:
#0 C:\OpenServer\domains\jingle\framework\db\ar\CActiveRecord.php(145): CComponent->__get('brend')
#1 C:\OpenServer\domains\jingle\framework\base\CModel.php(596): CActiveRecord->__get('brend')
#2 C:\OpenServer\domains\jingle\protected\views\start\wer.php(3): CModel->offsetGet('brend')
#3 C:\OpenServer\domains\jingle\framework\web\CBaseController.php(126): require('C:\OpenServer\d...')
#4 C:\OpenServer\domains\jingle\framework\web\CBaseController.php(95): CBaseController->renderInternal('C:\OpenServer\d...', Array, true)
#5 C:\OpenServer\domains\jingle\framework\web\CController.php(869): CBaseController->renderFile('C:\OpenServer\d...', Array, true)
#6 C:\OpenServer\domains\jingle\framework\web\CController.php(782): CController->renderPartial('wer', Array, true)
#7 C:\OpenServer\domains\jingle\protected\controllers\StartController.php(11): CController->render('wer', Array)
#8 C:\OpenServer\domains\jingle\framework\web\actions\CInlineAction.php(49): StartController->actionIndex()
#9 C:\OpenServer\domains\jingle\framework\web\CController.php(308): CInlineAction->runWithParams(Array)
#10 C:\OpenServer\domains\jingle\framework\web\CController.php(286): CController->runAction(Object(CInlineAction))
#11 C:\OpenServer\domains\jingle\framework\web\CController.php(265): CController->runActionWithFilters(Object(CInlineAction), Array)
#12 C:\OpenServer\domains\jingle\framework\web\CWebApplication.php(282): CController->run('')
#13 C:\OpenServer\domains\jingle\framework\web\CWebApplication.php(141): CWebApplication->runController('start')
#14 C:\OpenServer\domains\jingle\framework\base\CApplication.php(185): CWebApplication->processRequest()
#15 C:\OpenServer\domains\jingle\index.php(13): CApplication->run()
#16 {main}
REQUEST_URI=/index.php/start
---
2016/10/30 11:55:48 [error] [exception.CException] exception 'CException' with message 'There is no CClientScript package: jquerylocal' in C:\OpenServer\domains\jingle\framework\web\CClientScript.php:598
Stack trace:
#0 C:\OpenServer\domains\jingle\protected\views\start\wer.php(3): CClientScript->registerCoreScript('jquerylocal')
#1 C:\OpenServer\domains\jingle\framework\web\CBaseController.php(126): require('C:\OpenServer\d...')
#2 C:\OpenServer\domains\jingle\framework\web\CBaseController.php(95): CBaseController->renderInternal('C:\OpenServer\d...', Array, true)
#3 C:\OpenServer\domains\jingle\framework\web\CController.php(869): CBaseController->renderFile('C:\OpenServer\d...', Array, true)
#4 C:\OpenServer\domains\jingle\framework\web\CController.php(782): CController->renderPartial('wer', Array, true)
#5 C:\OpenServer\domains\jingle\protected\controllers\StartController.php(12): CController->render('wer', Array)
#6 C:\OpenServer\domains\jingle\framework\web\actions\CInlineAction.php(49): StartController->actionIndex()
#7 C:\OpenServer\domains\jingle\framework\web\CController.php(308): CInlineAction->runWithParams(Array)
#8 C:\OpenServer\domains\jingle\framework\web\CController.php(286): CController->runAction(Object(CInlineAction))
#9 C:\OpenServer\domains\jingle\framework\web\CController.php(265): CController->runActionWithFilters(Object(CInlineAction), Array)
#10 C:\OpenServer\domains\jingle\framework\web\CWebApplication.php(282): CController->run('')
#11 C:\OpenServer\domains\jingle\framework\web\CWebApplication.php(141): CWebApplication->runController('start')
#12 C:\OpenServer\domains\jingle\framework\base\CApplication.php(185): CWebApplication->processRequest()
#13 C:\OpenServer\domains\jingle\index.php(13): CApplication->run()
#14 {main}
REQUEST_URI=/index.php/start
---
2016/11/01 11:40:26 [error] [exception.CHttpException.400] exception 'CHttpException' with message 'Your request is invalid.' in C:\OpenServer\domains\jingle\framework\web\CController.php:336
Stack trace:
#0 C:\OpenServer\domains\jingle\framework\web\CController.php(309): CController->invalidActionParams(Object(CInlineAction))
#1 C:\OpenServer\domains\jingle\framework\web\CController.php(286): CController->runAction(Object(CInlineAction))
#2 C:\OpenServer\domains\jingle\framework\web\CController.php(265): CController->runActionWithFilters(Object(CInlineAction), Array)
#3 C:\OpenServer\domains\jingle\framework\web\CWebApplication.php(282): CController->run('model')
#4 C:\OpenServer\domains\jingle\framework\web\CWebApplication.php(141): CWebApplication->runController('start/model')
#5 C:\OpenServer\domains\jingle\framework\base\CApplication.php(185): CWebApplication->processRequest()
#6 C:\OpenServer\domains\jingle\index.php(13): CApplication->run()
#7 {main}
REQUEST_URI=/index.php/start/model
---
2016/11/01 11:40:43 [error] [exception.CHttpException.400] exception 'CHttpException' with message 'Your request is invalid.' in C:\OpenServer\domains\jingle\framework\web\CController.php:336
Stack trace:
#0 C:\OpenServer\domains\jingle\framework\web\CController.php(309): CController->invalidActionParams(Object(CInlineAction))
#1 C:\OpenServer\domains\jingle\framework\web\CController.php(286): CController->runAction(Object(CInlineAction))
#2 C:\OpenServer\domains\jingle\framework\web\CController.php(265): CController->runActionWithFilters(Object(CInlineAction), Array)
#3 C:\OpenServer\domains\jingle\framework\web\CWebApplication.php(282): CController->run('model')
#4 C:\OpenServer\domains\jingle\framework\web\CWebApplication.php(141): CWebApplication->runController('start/model')
#5 C:\OpenServer\domains\jingle\framework\base\CApplication.php(185): CWebApplication->processRequest()
#6 C:\OpenServer\domains\jingle\index.php(13): CApplication->run()
#7 {main}
REQUEST_URI=/index.php/start/model
---
2016/11/01 11:40:53 [error] [exception.CHttpException.400] exception 'CHttpException' with message 'Your request is invalid.' in C:\OpenServer\domains\jingle\framework\web\CController.php:336
Stack trace:
#0 C:\OpenServer\domains\jingle\framework\web\CController.php(309): CController->invalidActionParams(Object(CInlineAction))
#1 C:\OpenServer\domains\jingle\framework\web\CController.php(286): CController->runAction(Object(CInlineAction))
#2 C:\OpenServer\domains\jingle\framework\web\CController.php(265): CController->runActionWithFilters(Object(CInlineAction), Array)
#3 C:\OpenServer\domains\jingle\framework\web\CWebApplication.php(282): CController->run('model')
#4 C:\OpenServer\domains\jingle\framework\web\CWebApplication.php(141): CWebApplication->runController('start/model')
#5 C:\OpenServer\domains\jingle\framework\base\CApplication.php(185): CWebApplication->processRequest()
#6 C:\OpenServer\domains\jingle\index.php(13): CApplication->run()
#7 {main}
REQUEST_URI=/index.php/start/model
---
2016/11/01 11:42:07 [error] [php] include(PhoneName.php) [<a href='function.include'>function.include</a>]: failed to open stream: No such file or directory (C:\OpenServer\domains\jingle\framework\YiiBase.php:432)
Stack trace:
#0 C:\OpenServer\domains\jingle\protected\controllers\StartController.php(17): spl_autoload_call()
#1 C:\OpenServer\domains\jingle\framework\web\actions\CInlineAction.php(49): StartController->actionModel()
#2 C:\OpenServer\domains\jingle\framework\web\CController.php(308): CInlineAction->runWithParams()
#3 C:\OpenServer\domains\jingle\framework\web\CController.php(286): StartController->runAction()
#4 C:\OpenServer\domains\jingle\framework\web\CController.php(265): StartController->runActionWithFilters()
#5 C:\OpenServer\domains\jingle\framework\web\CWebApplication.php(282): StartController->run()
#6 C:\OpenServer\domains\jingle\framework\web\CWebApplication.php(141): CWebApplication->runController()
#7 C:\OpenServer\domains\jingle\framework\base\CApplication.php(185): CWebApplication->processRequest()
#8 C:\OpenServer\domains\jingle\index.php(13): CWebApplication->run()
REQUEST_URI=/index.php/start/model
in C:\OpenServer\domains\jingle\protected\controllers\StartController.php (17)
in C:\OpenServer\domains\jingle\index.php (13)
2016/11/01 12:45:38 [error] [php] Invalid argument supplied for foreach() (C:\OpenServer\domains\jingle\protected\views\start\wer.php:11)
Stack trace:
#0 C:\OpenServer\domains\jingle\framework\web\CController.php(869): StartController->renderFile()
#1 C:\OpenServer\domains\jingle\framework\web\CController.php(782): StartController->renderPartial()
#2 C:\OpenServer\domains\jingle\protected\controllers\StartController.php(23): StartController->render()
#3 C:\OpenServer\domains\jingle\framework\web\actions\CInlineAction.php(49): StartController->actionModel()
#4 C:\OpenServer\domains\jingle\framework\web\CController.php(308): CInlineAction->runWithParams()
#5 C:\OpenServer\domains\jingle\framework\web\CController.php(286): StartController->runAction()
#6 C:\OpenServer\domains\jingle\framework\web\CController.php(265): StartController->runActionWithFilters()
#7 C:\OpenServer\domains\jingle\framework\web\CWebApplication.php(282): StartController->run()
#8 C:\OpenServer\domains\jingle\framework\web\CWebApplication.php(141): CWebApplication->runController()
#9 C:\OpenServer\domains\jingle\framework\base\CApplication.php(185): CWebApplication->processRequest()
#10 C:\OpenServer\domains\jingle\index.php(13): CWebApplication->run()
REQUEST_URI=/index.php/start/model
in C:\OpenServer\domains\jingle\protected\views\start\wer.php (11)
in C:\OpenServer\domains\jingle\protected\controllers\StartController.php (23)
in C:\OpenServer\domains\jingle\index.php (13)
2016/11/01 12:48:29 [error] [php] Invalid argument supplied for foreach() (C:\OpenServer\domains\jingle\protected\views\start\wer.php:11)
Stack trace:
#0 C:\OpenServer\domains\jingle\framework\web\CController.php(869): StartController->renderFile()
#1 C:\OpenServer\domains\jingle\framework\web\CController.php(782): StartController->renderPartial()
#2 C:\OpenServer\domains\jingle\protected\controllers\StartController.php(23): StartController->render()
#3 C:\OpenServer\domains\jingle\framework\web\actions\CInlineAction.php(49): StartController->actionModel()
#4 C:\OpenServer\domains\jingle\framework\web\CController.php(308): CInlineAction->runWithParams()
#5 C:\OpenServer\domains\jingle\framework\web\CController.php(286): StartController->runAction()
#6 C:\OpenServer\domains\jingle\framework\web\CController.php(265): StartController->runActionWithFilters()
#7 C:\OpenServer\domains\jingle\framework\web\CWebApplication.php(282): StartController->run()
#8 C:\OpenServer\domains\jingle\framework\web\CWebApplication.php(141): CWebApplication->runController()
#9 C:\OpenServer\domains\jingle\framework\base\CApplication.php(185): CWebApplication->processRequest()
#10 C:\OpenServer\domains\jingle\index.php(13): CWebApplication->run()
REQUEST_URI=/index.php/start/model
in C:\OpenServer\domains\jingle\protected\views\start\wer.php (11)
in C:\OpenServer\domains\jingle\protected\controllers\StartController.php (23)
in C:\OpenServer\domains\jingle\index.php (13)
2016/11/01 12:49:03 [error] [php] Invalid argument supplied for foreach() (C:\OpenServer\domains\jingle\protected\views\start\wer.php:11)
Stack trace:
#0 C:\OpenServer\domains\jingle\framework\web\CController.php(869): StartController->renderFile()
#1 C:\OpenServer\domains\jingle\framework\web\CController.php(782): StartController->renderPartial()
#2 C:\OpenServer\domains\jingle\protected\controllers\StartController.php(23): StartController->render()
#3 C:\OpenServer\domains\jingle\framework\web\actions\CInlineAction.php(49): StartController->actionModel()
#4 C:\OpenServer\domains\jingle\framework\web\CController.php(308): CInlineAction->runWithParams()
#5 C:\OpenServer\domains\jingle\framework\web\CController.php(286): StartController->runAction()
#6 C:\OpenServer\domains\jingle\framework\web\CController.php(265): StartController->runActionWithFilters()
#7 C:\OpenServer\domains\jingle\framework\web\CWebApplication.php(282): StartController->run()
#8 C:\OpenServer\domains\jingle\framework\web\CWebApplication.php(141): CWebApplication->runController()
#9 C:\OpenServer\domains\jingle\framework\base\CApplication.php(185): CWebApplication->processRequest()
#10 C:\OpenServer\domains\jingle\index.php(13): CWebApplication->run()
REQUEST_URI=/index.php/start/model
in C:\OpenServer\domains\jingle\protected\views\start\wer.php (11)
in C:\OpenServer\domains\jingle\protected\controllers\StartController.php (23)
in C:\OpenServer\domains\jingle\index.php (13)
2016/11/01 12:49:06 [error] [php] Invalid argument supplied for foreach() (C:\OpenServer\domains\jingle\protected\views\start\wer.php:11)
Stack trace:
#0 C:\OpenServer\domains\jingle\framework\web\CController.php(869): StartController->renderFile()
#1 C:\OpenServer\domains\jingle\framework\web\CController.php(782): StartController->renderPartial()
#2 C:\OpenServer\domains\jingle\protected\controllers\StartController.php(23): StartController->render()
#3 C:\OpenServer\domains\jingle\framework\web\actions\CInlineAction.php(49): StartController->actionModel()
#4 C:\OpenServer\domains\jingle\framework\web\CController.php(308): CInlineAction->runWithParams()
#5 C:\OpenServer\domains\jingle\framework\web\CController.php(286): StartController->runAction()
#6 C:\OpenServer\domains\jingle\framework\web\CController.php(265): StartController->runActionWithFilters()
#7 C:\OpenServer\domains\jingle\framework\web\CWebApplication.php(282): StartController->run()
#8 C:\OpenServer\domains\jingle\framework\web\CWebApplication.php(141): CWebApplication->runController()
#9 C:\OpenServer\domains\jingle\framework\base\CApplication.php(185): CWebApplication->processRequest()
#10 C:\OpenServer\domains\jingle\index.php(13): CWebApplication->run()
REQUEST_URI=/index.php/start/model
in C:\OpenServer\domains\jingle\protected\views\start\wer.php (11)
in C:\OpenServer\domains\jingle\protected\controllers\StartController.php (23)
in C:\OpenServer\domains\jingle\index.php (13)
2016/11/01 12:49:07 [error] [php] Invalid argument supplied for foreach() (C:\OpenServer\domains\jingle\protected\views\start\wer.php:11)
Stack trace:
#0 C:\OpenServer\domains\jingle\framework\web\CController.php(869): StartController->renderFile()
#1 C:\OpenServer\domains\jingle\framework\web\CController.php(782): StartController->renderPartial()
#2 C:\OpenServer\domains\jingle\protected\controllers\StartController.php(23): StartController->render()
#3 C:\OpenServer\domains\jingle\framework\web\actions\CInlineAction.php(49): StartController->actionModel()
#4 C:\OpenServer\domains\jingle\framework\web\CController.php(308): CInlineAction->runWithParams()
#5 C:\OpenServer\domains\jingle\framework\web\CController.php(286): StartController->runAction()
#6 C:\OpenServer\domains\jingle\framework\web\CController.php(265): StartController->runActionWithFilters()
#7 C:\OpenServer\domains\jingle\framework\web\CWebApplication.php(282): StartController->run()
#8 C:\OpenServer\domains\jingle\framework\web\CWebApplication.php(141): CWebApplication->runController()
#9 C:\OpenServer\domains\jingle\framework\base\CApplication.php(185): CWebApplication->processRequest()
#10 C:\OpenServer\domains\jingle\index.php(13): CWebApplication->run()
REQUEST_URI=/index.php/start/model
in C:\OpenServer\domains\jingle\protected\views\start\wer.php (11)
in C:\OpenServer\domains\jingle\protected\controllers\StartController.php (23)
in C:\OpenServer\domains\jingle\index.php (13)
2016/11/01 12:50:41 [error] [php] Invalid argument supplied for foreach() (C:\OpenServer\domains\jingle\protected\views\start\wer.php:11)
Stack trace:
#0 C:\OpenServer\domains\jingle\framework\web\CController.php(869): StartController->renderFile()
#1 C:\OpenServer\domains\jingle\framework\web\CController.php(782): StartController->renderPartial()
#2 C:\OpenServer\domains\jingle\protected\controllers\StartController.php(23): StartController->render()
#3 C:\OpenServer\domains\jingle\framework\web\actions\CInlineAction.php(49): StartController->actionModel()
#4 C:\OpenServer\domains\jingle\framework\web\CController.php(308): CInlineAction->runWithParams()
#5 C:\OpenServer\domains\jingle\framework\web\CController.php(286): StartController->runAction()
#6 C:\OpenServer\domains\jingle\framework\web\CController.php(265): StartController->runActionWithFilters()
#7 C:\OpenServer\domains\jingle\framework\web\CWebApplication.php(282): StartController->run()
#8 C:\OpenServer\domains\jingle\framework\web\CWebApplication.php(141): CWebApplication->runController()
#9 C:\OpenServer\domains\jingle\framework\base\CApplication.php(185): CWebApplication->processRequest()
#10 C:\OpenServer\domains\jingle\index.php(13): CWebApplication->run()
REQUEST_URI=/index.php/start/model
in C:\OpenServer\domains\jingle\protected\views\start\wer.php (11)
in C:\OpenServer\domains\jingle\protected\controllers\StartController.php (23)
in C:\OpenServer\domains\jingle\index.php (13)
2016/11/01 12:51:02 [error] [php] Invalid argument supplied for foreach() (C:\OpenServer\domains\jingle\protected\views\start\wer.php:11)
Stack trace:
#0 C:\OpenServer\domains\jingle\framework\web\CController.php(869): StartController->renderFile()
#1 C:\OpenServer\domains\jingle\framework\web\CController.php(782): StartController->renderPartial()
#2 C:\OpenServer\domains\jingle\protected\controllers\StartController.php(23): StartController->render()
#3 C:\OpenServer\domains\jingle\framework\web\actions\CInlineAction.php(49): StartController->actionModel()
#4 C:\OpenServer\domains\jingle\framework\web\CController.php(308): CInlineAction->runWithParams()
#5 C:\OpenServer\domains\jingle\framework\web\CController.php(286): StartController->runAction()
#6 C:\OpenServer\domains\jingle\framework\web\CController.php(265): StartController->runActionWithFilters()
#7 C:\OpenServer\domains\jingle\framework\web\CWebApplication.php(282): StartController->run()
#8 C:\OpenServer\domains\jingle\framework\web\CWebApplication.php(141): CWebApplication->runController()
#9 C:\OpenServer\domains\jingle\framework\base\CApplication.php(185): CWebApplication->processRequest()
#10 C:\OpenServer\domains\jingle\index.php(13): CWebApplication->run()
REQUEST_URI=/index.php/start/model
in C:\OpenServer\domains\jingle\protected\views\start\wer.php (11)
in C:\OpenServer\domains\jingle\protected\controllers\StartController.php (23)
in C:\OpenServer\domains\jingle\index.php (13)
2016/11/01 12:51:39 [error] [php] log() expects parameter 1 to be double, array given (C:\OpenServer\domains\jingle\protected\controllers\StartController.php:19)
Stack trace:
#0 C:\OpenServer\domains\jingle\framework\web\CController.php(308): CInlineAction->runWithParams()
#1 C:\OpenServer\domains\jingle\framework\web\CController.php(286): StartController->runAction()
#2 C:\OpenServer\domains\jingle\framework\web\CController.php(265): StartController->runActionWithFilters()
#3 C:\OpenServer\domains\jingle\framework\web\CWebApplication.php(282): StartController->run()
#4 C:\OpenServer\domains\jingle\framework\web\CWebApplication.php(141): CWebApplication->runController()
#5 C:\OpenServer\domains\jingle\framework\base\CApplication.php(185): CWebApplication->processRequest()
#6 C:\OpenServer\domains\jingle\index.php(13): CWebApplication->run()
REQUEST_URI=/index.php/start/model
in C:\OpenServer\domains\jingle\protected\controllers\StartController.php (19)
in C:\OpenServer\domains\jingle\index.php (13)
2016/11/01 12:52:04 [error] [php] Invalid argument supplied for foreach() (C:\OpenServer\domains\jingle\protected\views\start\wer.php:11)
Stack trace:
#0 C:\OpenServer\domains\jingle\framework\web\CController.php(869): StartController->renderFile()
#1 C:\OpenServer\domains\jingle\framework\web\CController.php(782): StartController->renderPartial()
#2 C:\OpenServer\domains\jingle\protected\controllers\StartController.php(23): StartController->render()
#3 C:\OpenServer\domains\jingle\framework\web\actions\CInlineAction.php(49): StartController->actionModel()
#4 C:\OpenServer\domains\jingle\framework\web\CController.php(308): CInlineAction->runWithParams()
#5 C:\OpenServer\domains\jingle\framework\web\CController.php(286): StartController->runAction()
#6 C:\OpenServer\domains\jingle\framework\web\CController.php(265): StartController->runActionWithFilters()
#7 C:\OpenServer\domains\jingle\framework\web\CWebApplication.php(282): StartController->run()
#8 C:\OpenServer\domains\jingle\framework\web\CWebApplication.php(141): CWebApplication->runController()
#9 C:\OpenServer\domains\jingle\framework\base\CApplication.php(185): CWebApplication->processRequest()
#10 C:\OpenServer\domains\jingle\index.php(13): CWebApplication->run()
REQUEST_URI=/index.php/start/model
in C:\OpenServer\domains\jingle\protected\views\start\wer.php (11)
in C:\OpenServer\domains\jingle\protected\controllers\StartController.php (23)
in C:\OpenServer\domains\jingle\index.php (13)
2016/11/01 12:52:33 [error] [php] Invalid argument supplied for foreach() (C:\OpenServer\domains\jingle\protected\views\start\wer.php:11)
Stack trace:
#0 C:\OpenServer\domains\jingle\framework\web\CController.php(869): StartController->renderFile()
#1 C:\OpenServer\domains\jingle\framework\web\CController.php(782): StartController->renderPartial()
#2 C:\OpenServer\domains\jingle\protected\controllers\StartController.php(23): StartController->render()
#3 C:\OpenServer\domains\jingle\framework\web\actions\CInlineAction.php(49): StartController->actionModel()
#4 C:\OpenServer\domains\jingle\framework\web\CController.php(308): CInlineAction->runWithParams()
#5 C:\OpenServer\domains\jingle\framework\web\CController.php(286): StartController->runAction()
#6 C:\OpenServer\domains\jingle\framework\web\CController.php(265): StartController->runActionWithFilters()
#7 C:\OpenServer\domains\jingle\framework\web\CWebApplication.php(282): StartController->run()
#8 C:\OpenServer\domains\jingle\framework\web\CWebApplication.php(141): CWebApplication->runController()
#9 C:\OpenServer\domains\jingle\framework\base\CApplication.php(185): CWebApplication->processRequest()
#10 C:\OpenServer\domains\jingle\index.php(13): CWebApplication->run()
REQUEST_URI=/index.php/start/model?id=2
in C:\OpenServer\domains\jingle\protected\views\start\wer.php (11)
in C:\OpenServer\domains\jingle\protected\controllers\StartController.php (23)
in C:\OpenServer\domains\jingle\index.php (13)
2016/11/01 12:53:34 [error] [php] Invalid argument supplied for foreach() (C:\OpenServer\domains\jingle\protected\views\start\wer.php:11)
Stack trace:
#0 C:\OpenServer\domains\jingle\framework\web\CController.php(869): StartController->renderFile()
#1 C:\OpenServer\domains\jingle\framework\web\CController.php(782): StartController->renderPartial()
#2 C:\OpenServer\domains\jingle\protected\controllers\StartController.php(23): StartController->render()
#3 C:\OpenServer\domains\jingle\framework\web\actions\CInlineAction.php(49): StartController->actionModel()
#4 C:\OpenServer\domains\jingle\framework\web\CController.php(308): CInlineAction->runWithParams()
#5 C:\OpenServer\domains\jingle\framework\web\CController.php(286): StartController->runAction()
#6 C:\OpenServer\domains\jingle\framework\web\CController.php(265): StartController->runActionWithFilters()
#7 C:\OpenServer\domains\jingle\framework\web\CWebApplication.php(282): StartController->run()
#8 C:\OpenServer\domains\jingle\framework\web\CWebApplication.php(141): CWebApplication->runController()
#9 C:\OpenServer\domains\jingle\framework\base\CApplication.php(185): CWebApplication->processRequest()
#10 C:\OpenServer\domains\jingle\index.php(13): CWebApplication->run()
REQUEST_URI=/index.php/start/model?id=1
in C:\OpenServer\domains\jingle\protected\views\start\wer.php (11)
in C:\OpenServer\domains\jingle\protected\controllers\StartController.php (23)
in C:\OpenServer\domains\jingle\index.php (13)
2016/11/01 12:53:46 [error] [exception.CHttpException.404] exception 'CHttpException' with message 'Unable to resolve the request "model".' in C:\OpenServer\domains\jingle\framework\web\CWebApplication.php:286
Stack trace:
#0 C:\OpenServer\domains\jingle\framework\web\CWebApplication.php(141): CWebApplication->runController('model')
#1 C:\OpenServer\domains\jingle\framework\base\CApplication.php(185): CWebApplication->processRequest()
#2 C:\OpenServer\domains\jingle\index.php(13): CApplication->run()
#3 {main}
REQUEST_URI=/index.php/model
---
2016/11/01 12:54:13 [error] [php] Invalid argument supplied for foreach() (C:\OpenServer\domains\jingle\protected\views\start\wer.php:11)
Stack trace:
#0 C:\OpenServer\domains\jingle\framework\web\CController.php(869): StartController->renderFile()
#1 C:\OpenServer\domains\jingle\framework\web\CController.php(782): StartController->renderPartial()
#2 C:\OpenServer\domains\jingle\protected\controllers\StartController.php(23): StartController->render()
#3 C:\OpenServer\domains\jingle\framework\web\actions\CInlineAction.php(49): StartController->actionModel()
#4 C:\OpenServer\domains\jingle\framework\web\CController.php(308): CInlineAction->runWithParams()
#5 C:\OpenServer\domains\jingle\framework\web\CController.php(286): StartController->runAction()
#6 C:\OpenServer\domains\jingle\framework\web\CController.php(265): StartController->runActionWithFilters()
#7 C:\OpenServer\domains\jingle\framework\web\CWebApplication.php(282): StartController->run()
#8 C:\OpenServer\domains\jingle\framework\web\CWebApplication.php(141): CWebApplication->runController()
#9 C:\OpenServer\domains\jingle\framework\base\CApplication.php(185): CWebApplication->processRequest()
#10 C:\OpenServer\domains\jingle\index.php(13): CWebApplication->run()
REQUEST_URI=/index.php/start/model?id=2
in C:\OpenServer\domains\jingle\protected\views\start\wer.php (11)
in C:\OpenServer\domains\jingle\protected\controllers\StartController.php (23)
in C:\OpenServer\domains\jingle\index.php (13)
2016/11/01 12:56:52 [error] [exception.CHttpException.404] exception 'CHttpException' with message 'The system is unable to find the requested action "model".' in C:\OpenServer\domains\jingle\framework\web\CController.php:483
Stack trace:
#0 C:\OpenServer\domains\jingle\framework\web\CController.php(270): CController->missingAction('model')
#1 C:\OpenServer\domains\jingle\framework\web\CWebApplication.php(282): CController->run('model')
#2 C:\OpenServer\domains\jingle\framework\web\CWebApplication.php(141): CWebApplication->runController('start/model')
#3 C:\OpenServer\domains\jingle\framework\base\CApplication.php(185): CWebApplication->processRequest()
#4 C:\OpenServer\domains\jingle\index.php(13): CApplication->run()
#5 {main}
REQUEST_URI=/index.php/start/model?id=2
---
2016/11/01 15:15:42 [error] [php] Invalid argument supplied for foreach() (C:\OpenServer\domains\jingle\protected\views\start\wer.php:15)
Stack trace:
#0 C:\OpenServer\domains\jingle\framework\web\CController.php(869): StartController->renderFile()
#1 C:\OpenServer\domains\jingle\framework\web\CController.php(782): StartController->renderPartial()
#2 C:\OpenServer\domains\jingle\protected\controllers\StartController.php(19): StartController->render()
#3 C:\OpenServer\domains\jingle\framework\web\actions\CInlineAction.php(49): StartController->actionIndex()
#4 C:\OpenServer\domains\jingle\framework\web\CController.php(308): CInlineAction->runWithParams()
#5 C:\OpenServer\domains\jingle\framework\web\CController.php(286): StartController->runAction()
#6 C:\OpenServer\domains\jingle\framework\web\CController.php(265): StartController->runActionWithFilters()
#7 C:\OpenServer\domains\jingle\framework\web\CWebApplication.php(282): StartController->run()
#8 C:\OpenServer\domains\jingle\framework\web\CWebApplication.php(141): CWebApplication->runController()
#9 C:\OpenServer\domains\jingle\framework\base\CApplication.php(185): CWebApplication->processRequest()
#10 C:\OpenServer\domains\jingle\index.php(13): CWebApplication->run()
REQUEST_URI=/index.php/start
in C:\OpenServer\domains\jingle\protected\views\start\wer.php (15)
in C:\OpenServer\domains\jingle\protected\controllers\StartController.php (19)
in C:\OpenServer\domains\jingle\index.php (13)
2016/11/01 15:16:14 [error] [php] Invalid argument supplied for foreach() (C:\OpenServer\domains\jingle\protected\views\start\wer.php:16)
Stack trace:
#0 C:\OpenServer\domains\jingle\framework\web\CController.php(869): StartController->renderFile()
#1 C:\OpenServer\domains\jingle\framework\web\CController.php(782): StartController->renderPartial()
#2 C:\OpenServer\domains\jingle\protected\controllers\StartController.php(19): StartController->render()
#3 C:\OpenServer\domains\jingle\framework\web\actions\CInlineAction.php(49): StartController->actionIndex()
#4 C:\OpenServer\domains\jingle\framework\web\CController.php(308): CInlineAction->runWithParams()
#5 C:\OpenServer\domains\jingle\framework\web\CController.php(286): StartController->runAction()
#6 C:\OpenServer\domains\jingle\framework\web\CController.php(265): StartController->runActionWithFilters()
#7 C:\OpenServer\domains\jingle\framework\web\CWebApplication.php(282): StartController->run()
#8 C:\OpenServer\domains\jingle\framework\web\CWebApplication.php(141): CWebApplication->runController()
#9 C:\OpenServer\domains\jingle\framework\base\CApplication.php(185): CWebApplication->processRequest()
#10 C:\OpenServer\domains\jingle\index.php(13): CWebApplication->run()
REQUEST_URI=/index.php/start
in C:\OpenServer\domains\jingle\protected\views\start\wer.php (16)
in C:\OpenServer\domains\jingle\protected\controllers\StartController.php (19)
in C:\OpenServer\domains\jingle\index.php (13)
2016/11/02 10:58:35 [error] [php] Invalid argument supplied for foreach() (C:\OpenServer\domains\jingle\protected\views\start\wer.php:18)
Stack trace:
#0 C:\OpenServer\domains\jingle\framework\web\CController.php(869): StartController->renderFile()
#1 C:\OpenServer\domains\jingle\framework\web\CController.php(782): StartController->renderPartial()
#2 C:\OpenServer\domains\jingle\protected\controllers\StartController.php(19): StartController->render()
#3 C:\OpenServer\domains\jingle\framework\web\actions\CInlineAction.php(49): StartController->actionIndex()
#4 C:\OpenServer\domains\jingle\framework\web\CController.php(308): CInlineAction->runWithParams()
#5 C:\OpenServer\domains\jingle\framework\web\CController.php(286): StartController->runAction()
#6 C:\OpenServer\domains\jingle\framework\web\CController.php(265): StartController->runActionWithFilters()
#7 C:\OpenServer\domains\jingle\framework\web\CWebApplication.php(282): StartController->run()
#8 C:\OpenServer\domains\jingle\framework\web\CWebApplication.php(141): CWebApplication->runController()
#9 C:\OpenServer\domains\jingle\framework\base\CApplication.php(185): CWebApplication->processRequest()
#10 C:\OpenServer\domains\jingle\index.php(13): CWebApplication->run()
REQUEST_URI=/index.php/start
in C:\OpenServer\domains\jingle\protected\views\start\wer.php (18)
in C:\OpenServer\domains\jingle\protected\controllers\StartController.php (19)
in C:\OpenServer\domains\jingle\index.php (13)
